Build started 2017/1/21 11:34:55.
     1>Project "F:\MyTest\myTest\testCPP\协程学习\coroutine_study\coroutine_shared_stack\coroutine_shared_stack.vcxproj" on node 2 (Build target(s)).
     1>ClCompile:
         C:\Program Files (x86)\Microsoft Visual Studio 12.0\VC\bin\x86_amd64\CL.exe /c /I../ /Zi /nologo /W3 /WX- /sdl /Od /D WIN32 /D _DEBUG /D _CONSOLE /D _LIB /D _MBCS /Gm /EHsc /RTC1 /MDd /GS /fp:precise /Zc:wchar_t /Zc:forScope /Fo"x64\Debug\\" /Fd"x64\Debug\vc120.pdb" /Gd /TP /errorReport:prompt ..\coctx.cpp
         coctx.cpp
     1>..\coctx.cpp(160): error C2485: 'naked' : unrecognized extended attribute
     1>..\coctx.cpp(162): error C4235: nonstandard extension used : '__asm' keyword not supported on this architecture
     1>Done Building Project "F:\MyTest\myTest\testCPP\协程学习\coroutine_study\coroutine_shared_stack\coroutine_shared_stack.vcxproj" (Build target(s)) -- FAILED.

Build FAILED.

Time Elapsed 00:00:00.21
